
'
-


 

!
"
#
$
%
&
(
)
*
,
.
/
:
;
?
@
[
\
]
^
_
`
{
|
}
~





















+
<
=
>























0



1

2

3

4
5
6
7
8
9
a
a'
a-
a
a
A
A'
A-
A
A













a 
A 
a
A
a!
A!
a"
A"
a#
A#
a$
A$
a%
A%
a&
A&
a(
A(
a)
A)
a*
A*
a,
A,
a.
A.
a/
A/
a:
A:
a;
A;
a?
A?
a@
A@
a[
A[
a\
A\
a]
A]
a^
A^
a_
A_
a`
A`
a{
A{
a|
A|
a}
A}
a~
A~
a
A
a
A
a
A
a
A
a
A
a
A
a
A
a
A
a
A
a
A
a
A
a
A
a
A
a
A
a
A
a
A
a
A
a
A
a
A
a
A
a
A
a+
A+
a<
A<
a=
A=
a>
A>
a
A
a
A
a
A
a
A
a
A
a
A
a
A
a
A
a
A
a
A
a
A
a
A
a
A
a
A
a
A
a
A
a
A
a
A
a
A
a
A
a
A
a
A
a
A
a0
A0
a
A
a
A
a
A
a1
a
A1
A
a2
a
A2
A
a3
a
A3
A
a4
A4
a5
A5
a6
A6
a7
A7
a8
A8
a9
A9
aa
aA
Aa
AA
a
A
a
a
A
A
a
a
A
A
a
a
A
A
a
a
A
A
a
a
A
A
a
a
A
A
AAA
AAAA
AAAAA
AAAAAA
AAAAAAA
AAAAAAAA
AAAAAAAAA
AAAAAAAAAA
AAAAAAAAAAA
AAAAAAAAAAAA
AAAAAAAAAAAAA
AAAAAAAAAAAAAA
AAAAAAAAAAAAAAA
a
a
A
A
ab
aB
Ab
AB
ac
aC
Ac
AC
a
a
A
A
ad
aD
Ad
AD
a
a
A
A

aE
Ae

a
a
A
A
a
a
A
A
a
a
A
A
a
a
A
A
af
aF
Af
AF
a
A
ag
aG
Ag
AG
ah
aH
Ah
AH
ai
aI
Ai
AI
a
a
A
A
a
a
A
A
a
a
A
A
a
a
A
A
aj
aJ
Aj
AJ
ak
aK
Ak
AK
al
aL
Al
AL
am
aM
Am
AM
an
aN
An
AN
a
a
A
A
ao
aO
Ao
AO
a
A
a
a
A
A
a
a
A
A
a
a
A
A
a
a
A
A
a
a
A
A
a
a
A
A
a
a
A
A
ap
aP
Ap
AP
aq
aQ
Aq
AQ
ar
aR
Ar
AR
as
aS
As
AS
a
a
A
A
a
A
at
aT
At
AT
a
a
A
A
a
A
au
aU
Au
AU
a
a
A
A
a
a
A
A
a
a
A
A
a
a
A
A
av
aV
Av
AV
aw
aW
Aw
AW
ax
aX
Ax
AX
ay
aY
Ay
AY
a
a
A
A
a
a
A
A
az
aZ
Az
AZ
a
a
A
A
b
b'
b-
b
b
B
B'
B-
B
B
b 
B 
b
B
b!
B!
b"
B"
b#
B#
b$
B$
b%
B%
b&
B&
b(
B(
b)
B)
b*
B*
b,
B,
b.
B.
b/
B/
b:
B:
b;
B;
b?
B?
b@
B@
b[
B[
b\
B\
b]
B]
b^
B^
b_
B_
b`
B`
b{
B{
b|
B|
b}
B}
b~
B~
b
B
b
B
b
B
b
B
b
B
b
B
b
B
b
B
b
B
b
B
b
B
b
B
b
B
b
B
b
B
b
B
b
B
b
B
b
B
b
B
b
B
b+
B+
b<
B<
b=
B=
b>
B>
b
B
b
B
b
B
b
B
b
B
b
B
b
B
b
B
b
B
b
B
b
B
b
B
b
B
b
B
b
B
b
B
b
B
b
B
b
B
b
B
b
B
b
B
b
B
b0
B0
b
B
b
B
b
B
b1
b
B1
B
b2
b
B2
B
b3
b
B3
B
b4
B4
b5
B5
b6
B6
b7
B7
b8
B8
b9
B9
ba
bA
Ba
BA
b
B
b
b
B
B
b
b
B
B
b
b
B
B
b
b
B
B
b
b
B
B
b
b
B
B
b
b
B
B
bb
bB
Bb
BB
bc
bC
Bc
BC
b
b
B
B
bd
bD
Bd
BD
b
b
B
B
be
bE
Be
BE
b
b
B
B
b
b
B
B
b
b
B
B
b
b
B
B
bf
bF
Bf
BF
b
B
bg
bG
Bg
BG
bh
bH
Bh
BH
bi
bI
Bi
BI
b
b
B
B
b
b
B
B
b
b
B
B
b
b
B
B
bj
bJ
Bj
BJ
bk
bK
Bk
BK
bl
bL
Bl
BL
bm
bM
Bm
BM
bn
bN
Bn
BN
b
b
B
B
bo
bO
Bo
BO
b
B
b
b
B
B
b
b
B
B
b
b
B
B
b
b
B
B
b
b
B
B
b
b
B
B
b
b
B
B
bp
bP
Bp
BP
bq
bQ
Bq
BQ
br
bR
Br
BR
bs
bS
Bs
BS
b
b
B
B
b
B
bt
bT
Bt
BT
b
b
B
B
b
B
bu
bU
Bu
BU
b
b
B
B
b
b
B
B
b
b
B
B
b
b
B
B
bv
bV
Bv
BV
bw
bW
Bw
BW
bx
bX
Bx
BX
by
bY
By
BY
b
b
B
B
b
b
B
B
bz
bZ
Bz
BZ
b
b
B
B
c
c'
c-
c
c
C
C'
C-
C
C


c 
C 
c
C
c!
C!
c"
C"
c#
C#
c$
C$
c%
C%
c&
C&
c(
C(
c)
C)
c*
C*
c,
C,
c.
C.
c/
C/
c:
C:
c;
C;
c?
C?
c@
C@
c[
C[
c\
C\
c]
C]
c^
C^
c_
C_
c`
C`
c{
C{
c|
C|
c}
C}
c~
C~
c
C
c
C
c
C
c
C
c
C
c
C
c
C
c
C
c
C
c
C
c
C
c
C
c
C
c
C
c
C
c
C
c
C
c
C
c
C
c
C
c
C
c+
C+
c<
C<
c=
C=
c>
C>
c
C
c
C
c
C
c
C
c
C
c
C
c
C
c
C
c
C
c
C
c
C
c
C
c
C
c
C
c
C
c
C
c
C
c
C
c
C
c
C
c
C
c
C
c
C
c0
C0
c
C
c
C
c
C
c1
c
C1
C
c2
c
C2
C
c3
c
C3
C
c4
C4
c5
C5
c6
C6
c7
C7
c8
C8
c9
C9
ca
cA
Ca
CA
c
C
c
c
C
C
c
c
C
C
c
c
C
C
c
c
C
C
c
c
C
C
c
c
C
C
c
c
C
C
cb
cB
Cb
CB
cc
cC
Cc
CC
c
c
C
C
cd
cD
Cd
CD
c
c
C
C
ce
cE
Ce
CE
c
c
C
C
c
c
C
C
c
c
C
C
c
c
C
C
cf
cF
Cf
CF
c
C
cg
cG
Cg
CG
ch
cH
Ch
CH
ci
cI
Ci
CI
c
c
C
C
c
c
C
C
c
c
C
C
c
c
C
C
cj
cJ
Cj
CJ
ck
cK
Ck
CK
cl
cL
Cl
CL
cm
cM
Cm
CM
cn
cN
Cn
CN
c
c
C
C
co
cO
Co
CO
c
C
c
c
C
C
c
c
C
C
c
c
C
C
c
c
C
C
c
c
C
C
c
c
C
C
c
c
C
C
cp
cP
Cp
CP
cq
cQ
Cq
CQ
cr
cR
Cr
CR
cs
cS
Cs
CS
c
c
C
C
c
C
ct
cT
Ct
CT
c
c
C
C
c
C
cu
cU
Cu
CU
c
c
C
C
c
c
C
C
c
c
C
C
c
c
C
C
cv
cV
Cv
CV
cw
cW
Cw
CW
cx
cX
Cx
CX
cy
cY
Cy
CY
c
c
C
C
c
c
C
C
cz
cZ
Cz
CZ
c
c
C
C
d
d'
d-
d
d
D
D'
D-
D
D


d 
D 
d
D
d!
D!
d"
D"
d#
D#
d$
D$
d%
D%
d&
D&
d(
D(
d)
D)
d*
D*
d,
D,
d.
D.
d/
D/
d:
D:
d;
D;
d?
D?
d@
D@
d[
D[
d\
D\
d]
D]
d^
D^
d_
D_
d`
D`
d{
D{
d|
D|
d}
D}
d~
D~
d
D
d
D
d
D
d
D
d
D
d
D
d
D
d
D
d
D
d
D
d
D
d
D
d
D
d
D
d
D
d
D
d
D
d
D
d
D
d
D
d
D
d+
D+
d<
D<
d=
D=
d>
D>
d
D
d
D
d
D
d
D
d
D
d
D
d
D
d
D
d
D
d
D
d
D
d
D
d
D
d
D
d
D
d
D
d
D
d
D
d
D
d
D
d
D
d
D
d
D
d0
D0
d
D
d
D
d
D
d1
d
D1
D
d2
d
D2
D
d3
d
D3
D
d4
D4
d5
D5
d6
D6
d7
D7
d8
D8
d9
D9
da
dA
Da
DA
d
D
d
d
D
D
d
d
D
D
d
d
D
D
d
d
D
D
d
d
D
D
d
d
D
D
d
d
D
D
db
dB
Db
DB
dc
dC
Dc
DC
d
d
D
D
dd
dD
Dd
DD
d
d
D
D
de
dE
De
DE
d
d
D
D
d
d
D
D
d
d
D
D
d
d
D
D
df
dF
Df
DF
d
D
dg
dG
Dg
DG
dh
dH
Dh
DH
di
dI
Di
DI
d
d
D
D
d
d
D
D
d
d
D
D
d
d
D
D
dj
dJ
Dj
DJ
dk
dK
Dk
DK
dl
dL
Dl
DL
dm
dM
Dm
DM
dn
dN
Dn
DN
d
d
D
D
do
dO
Do
DO
d
D
d
d
D
D
d
d
D
D
d
d
D
D
d
d
D
D
d
d
D
D
d
d
D
D
d
d
D
D
dp
dP
Dp
DP
dq
dQ
Dq
DQ
dr
dR
Dr
DR
ds
dS
Ds
DS
d
d
D
D
d
D
dt
dT
Dt
DT
d
d
D
D
d
D
du
dU
Du
DU
d
d
D
D
d
d
D
D
d
d
D
D
d
d
D
D
dv
dV
Dv
DV
dw
dW
Dw
DW
dx
dX
Dx
DX
dy
dY
Dy
DY
d
d
D
D
d
d
D
D
dz
dZ
Dz
DZ
d
d
D
D
e
e'
e-
e
e
E
E'
E-
E
E








e 
E 
e
E
e!
E!
e"
E"
e#
E#
e$
E$
e%
E%
e&
E&
e(
E(
e)
E)
e*
E*
e,
E,
e.
E.
e/
E/
e:
E:
e;
E;
e?
E?
e@
E@
e[
E[
e\
E\
e]
E]
e^
E^
e_
E_
e`
E`
e{
E{
e|
E|
e}
E}
e~
E~
e
E
e
E
e
E
e
E
e
E
e
E
e
E
e
E
e
E
e
E
e
E
e
E
e
E
e
E
e
E
e
E
e
E
e
E
e
E
e
E
e
E
e+
E+
e<
E<
e=
E=
e>
E>
e
E
e
E
e
E
e
E
e
E
e
E
e
E
e
E
e
E
e
E
e
E
e
E
e
E
e
E
e
E
e
E
e
E
e
E
e
E
e
E
e
E
e
E
e
E
e0
E0
e
E
e
E
e
E
e1
e
E1
E
e2
e
E2
E
e3
e
E3
E
e4
E4
e5
E5
e6
E6
e7
E7
e8
E8
e9
E9
ea
eA
Ea
EA
e
E
e
e
E
E
e
e
E
E
e
e
E
E
e
e
E
E
e
e
E
E
e
e
E
E
e
e
E
E
eb
eB
Eb
EB
ec
eC
Ec
EC
e
e
E
E
ed
eD
Ed
ED
e
e
E
E
ee
eE
Ee
EE
e
e
E
E
e
e
E
E
e
e
E
E
e
e
E
E
ef
eF
Ef
EF
e
E
eg
eG
Eg
EG
eh
eH
Eh
EH
ei
eI
Ei
EI
e
e
E
E
e
e
E
E
e
e
E
E
e
e
E
E
ej
eJ
Ej
EJ
ek
eK
Ek
EK
el
eL
El
EL
em
eM
Em
EM
en
eN
En
EN
e
e
E
E
eo
eO
Eo
EO
e
E
e
e
E
E
e
e
E
E
e
e
E
E
e
e
E
E
e
e
E
E
e
e
E
E
e
e
E
E
ep
eP
Ep
EP
eq
eQ
Eq
EQ
er
eR
Er
ER
es
eS
Es
ES
e
e
E
E
e
E
et
eT
Et
ET
e
e
E
E
e
E
eu
eU
Eu
EU
e
e
E
E
e
e
E
E
e
e
E
E
e
e
E
E
ev
eV
Ev
EV
ew
eW
Ew
EW
ex
eX
Ex
EX
ey
eY
Ey
EY
e
e
E
E
e
e
E
E
ez
eZ
Ez
EZ
e
e
E
E
f
f'
f-
f
f
F
F'
F-
F
F

f 
F 
f
F
f!
F!
f"
F"
f#
F#
f$
F$
f%
F%
f&
F&
f(
F(
f)
F)
f*
F*
f,
F,
f.
F.
f/
F/
f:
F:
f;
F;
f?
F?
f@
F@
f[
F[
f\
F\
f]
F]
f^
F^
f_
F_
f`
F`
f{
F{
f|
F|
f}
F}
f~
F~
f
F
f
F
f
F
f
F
f
F
f
F
f
F
f
F
f
F
f
F
f
F
f
F
f
F
f
F
f
F
f
F
f
F
f
F
f
F
f
F
f
F
f+
F+
f<
F<
f=
F=
f>
F>
f
F
f
F
f
F
f
F
f
F
f
F
f
F
f
F
f
F
f
F
f
F
f
F
f
F
f
F
f
F
f
F
f
F
f
F
f
F
f
F
f
F
f
F
f
F
f0
F0
f
F
f
F
f
F
f1
f
F1
F
f2
f
F2
F
f3
f
F3
F
f4
F4
f5
F5
f6
F6
f7
F7
f8
F8
f9
F9
fa
fA
Fa
FA
f
F
f
f
F
F
f
f
F
F
f
f
F
F
f
f
F
F
f
f
F
F
f
f
F
F
f
f
F
F
fb
fB
Fb
FB
fc
fC
Fc
FC
f
f
F
F
fd
fD
Fd
FD
f
f
F
F
fe
fE
Fe
FE
f
f
F
F
f
f
F
F
f
f
F
F
f
f
F
F
ff
fF
Ff
FF
f
F
fg
fG
Fg
FG
fh
fH
Fh
FH
fi
fI
Fi
FI
f
f
F
F
f
f
F
F
f
f
F
F
f
f
F
F
fj
fJ
Fj
FJ
fk
fK
Fk
FK
fl
fL
Fl
FL
fm
fM
Fm
FM
fn
fN
Fn
FN
f
f
F
F
fo
fO
Fo
FO
f
F
f
f
F
F
f
f
F
F
f
f
F
F
f
f
F
F
f
f
F
F
f
f
F
F
f
f
F
F
fp
fP
Fp
FP
fq
fQ
Fq
FQ
fr
fR
Fr
FR
fs
fS
Fs
FS
f
f
F
F
f
F
ft
fT
Ft
FT
f
f
F
F
f
F
fu
fU
Fu
FU
f
f
F
F
f
f
F
F
f
f
F
F
f
f
F
F
fv
fV
Fv
FV
fw
fW
Fw
FW
fx
fX
Fx
FX
fy
fY
Fy
FY
f
f
F
F
f
f
F
F
fz
fZ
Fz
FZ
f
f
F
F
g
g'
g-
g
g
G
G'
G-
G
G
g 
G 
g
G
g!
G!
g"
G"
g#
G#
g$
G$
g%
G%
g&
G&
g(
G(
g)
G)
g*
G*
g,
G,
g.
G.
g/
G/
g:
G:
g;
G;
g?
G?
g@
G@
g[
G[
g\
G\
g]
G]
g^
G^
g_
G_
g`
G`
g{
G{
g|
G|
g}
G}
g~
G~
g
G
g
G
g
G
g
G
g
G
g
G
g
G
g
G
g
G
g
G
g
G
g
G
g
G
g
G
g
G
g
G
g
G
g
G
g
G
g
G
g
G
g+
G+
g<
G<
g=
G=
g>
G>
g
G
g
G
g
G
g
G
g
G
g
G
g
G
g
G
g
G
g
G
g
G
g
G
g
G
g
G
g
G
g
G
g
G
g
G
g
G
g
G
g
G
g
G
g
G
g0
G0
g
G
g
G
g
G
g1
g
G1
G
g2
g
G2
G
g3
g
G3
G
g4
G4
g5
G5
g6
G6
g7
G7
g8
G8
g9
G9
ga
gA
Ga
GA
g
G
g
g
G
G
g
g
G
G
g
g
G
G
g
g
G
G
g
g
G
G
g
g
G
G
g
g
G
G
gb
gB
Gb
GB
gc
gC
Gc
GC
g
g
G
G
gd
gD
Gd
GD
g
g
G
G
ge
gE
Ge
GE
g
g
G
G
g
g
G
G
g
g
G
G
g
g
G
G
gf
gF
Gf
GF
g
G
gg
gG
Gg
GG
gh
gH
Gh
GH
gi
gI
Gi
GI
g
g
G
G
g
g
G
G
g
g
G
G
g
g
G
G
gj
gJ
Gj
GJ
gk
gK
Gk
GK
gl
gL
Gl
GL
gm
gM
Gm
GM
gn
gN
Gn
GN
g
g
G
G
go
gO
Go
GO
g
G
g
g
G
G
g
g
G
G
g
g
G
G
g
g
G
G
g
g
G
G
g
g
G
G
g
g
G
G
gp
gP
Gp
GP
gq
gQ
Gq
GQ
gr
gR
Gr
GR
gs
gS
Gs
GS
g
g
G
G
g
G
gt
gT
Gt
GT
g
g
G
G
g
G
gu
gU
Gu
GU
g
g
G
G
g
g
G
G
g
g
G
G
g
g
G
G
gv
gV
Gv
GV
gw
gW
Gw
GW
gx
gX
Gx
GX
gy
gY
Gy
GY
g
g
G
G
g
g
G
G
gz
gZ
Gz
GZ
g
g
G
G
h
h'
h-
h
h
H
H'
H-
H
H
h 
H 
h
H
h!
H!
h"
H"
h#
H#
h$
H$
h%
H%
h&
H&
h(
H(
h)
H)
h*
H*
h,
H,
h.
H.
h/
H/
h:
H:
h;
H;
h?
H?
h@
H@
h[
H[
h\
H\
h]
H]
h^
H^
h_
H_
h`
H`
h{
H{
h|
H|
h}
H}
h~
H~
h
H
h
H
h
H
h
H
h
H
h
H
h
H
h
H
h
H
h
H
h
H
h
H
h
H
h
H
h
H
h
H
h
H
h
H
h
H
h
H
h
H
h+
H+
h<
H<
h=
H=
h>
H>
h
H
h
H
h
H
h
H
h
H
h
H
h
H
h
H
h
H
h
H
h
H
h
H
h
H
h
H
h
H
h
H
h
H
h
H
h
H
h
H
h
H
h
H
h
H
h0
H0
h
H
h
H
h
H
h1
h
H1
H
h2
h
H2
H
h3
h
H3
H
h4
H4
h5
H5
h6
H6
h7
H7
h8
H8
h9
H9
ha
hA
Ha
HA
h
H
h
h
H
H
h
h
H
H
h
h
H
H
h
h
H
H
h
h
H
H
h
h
H
H
h
h
H
H
hb
hB
Hb
HB
hc
hC
Hc
HC
h
h
H
H
hd
hD
Hd
HD
h
h
H
H
he
hE
He
HE
h
h
H
H
h
h
H
H
h
h
H
H
h
h
H
H
hf
hF
Hf
HF
h
H
hg
hG
Hg
HG
hh
hH
Hh
HH
hi
hI
Hi
HI
h
h
H
H
h
h
H
H
h
h
H
H
h
h
H
H
hj
hJ
Hj
HJ
hk
hK
Hk
HK
hl
hL
Hl
HL
hm
hM
Hm
HM
hn
hN
Hn
HN
h
h
H
H
ho
hO
Ho
HO
h
H
h
h
H
H
h
h
H
H
h
h
H
H
h
h
H
H
h
h
H
H
h
h
H
H
h
h
H
H
hp
hP
Hp
HP
hq
hQ
Hq
HQ
hr
hR
Hr
HR
hs
hS
Hs
HS
h
h
H
H
h
H
ht
hT
Ht
HT
h
h
H
H
h
H
hu
hU
Hu
HU
h
h
H
H
h
h
H
H
h
h
H
H
h
h
H
H
hv
hV
Hv
HV
hw
hW
Hw
HW
hx
hX
Hx
HX
hy
hY
Hy
HY
h
h
H
H
h
h
H
H
hz
hZ
Hz
HZ
h
h
H
H
i
i'
i-
i
i
I
I'
I-
I
I








i 
I 
i
I
i!
I!
i"
I"
i#
I#
i$
I$
i%
I%
i&
I&
i(
I(
i)
I)
i*
I*
i,
I,
i.
I.
i/
I/
i:
I:
i;
I;
i?
I?
i@
I@
i[
I[
i\
I\
i]
I]
i^
I^
i_
I_
i`
I`
i{
I{
i|
I|
i}
I}
i~
I~
i
I
i
I
i
I
i
I
i
I
i
I
i
I
i
I
i
I
i
I
i
I
i
I
i
I
i
I
i
I
i
I
i
I
i
I
i
I
i
I
i
I
i+
I+
i<
I<
i=
I=
i>
I>
i
I
i
I
i
I
I
I
i
I
i
I
i
I
i
I
i
I
i
I
i
I
i
I
i
I
i
I
i
I
i
I
i
I
i
I
i
I
i
I
i
I
i
I
i0
I0
i
I
i
I
i
I
i1
i
I1
I
i2
i
I2
I
i3
i
I3
I
i4
I4
i5
I5
i6
I6
i7
I7
i8
I8
i9
I9
ia
iA
Ia
IA
i
I
I
I
i
I
I
I
I
I
I
I
I
I
I
I
I
ib
iB
Ib
IB
ic
iC
Ic
IC
I
I
id
iD
Id
ID
I
I
ie
iE
Ie
IE
I
I
I
I
I
I
I
I
if
iF
If
IF
i
I
ig
iG
Ig
IG
ih
iH
Ih
IH
ii
iI
Ii
II
I
I
I
I
I
I
I
I
ij
iJ
Ij
IJ
ik
iK
Ik
IK
il
iL
Il
IL
im
iM
Im
IM
in
iN
In
IN
I
I
io
iO
Io
IO
i
I
I
I
I
I
I
I
I
I
I
I
I
I
i
i
I
I
ip
iP
Ip
IP
iq
iQ
Iq
IQ
ir
iR
Ir
IR
is
iS
Is
IS
i
i
I
I
I
it
iT
It
IT
I
I
i
I
iu
iU
Iu
IU
I
I
I
I
I
I
I
I
iv
iV
Iv
IV
iw
iW
Iw
IW
ix
iX
Ix
IX
iy
iY
Iy
IY
I
I
i
I
I
iz
iZ
Iz
IZ
i
i
I
I
j
J
J'
J-
J
J
J 
J
J!
J"
J#
J$
J%
J&
J(
J)
J*
J,
J.
J/
J:
J;
J?
J@
J[
J\
J]
J^
J_
J`
J{
J|
J}
J~
J
J
J
J
J
J
J
J
J
J
J
J
J
J
J
J
J
J
J
J
J
J+
J<
J=
J>
J
J
J
J
J
J
J
J
J
J
J
J
J
J
J
J
J
J
J
J
J
J
J
J0
J
J
J
J1
J
J2
J
J3
J
J4
J5
J6
J7
J8
J9
Ja
JA
J
J
J
J
J
J
J
J
J
J
J
J
J
J
J
Jb
JB
Jc
JC
J
J
Jd
JD
J
J
Je
JE
J
J
J
J
J
J
J
J
Jf
JF
J
Jg
JG
Jh
JH
Ji
JI
J
J
J
J
J
J
J
J
Jj
JJ
Jk
JK
Jl
JL
Jm
JM
Jn
JN
J
J
Jo
JO
J
J
J
J
J
J
J
J
J
J
J
J
J
J
J
Jp
JP
Jq
JQ
Jr
JR
Js
JS
J
J
J
Jt
JT
J
J
J
Ju
JU
J
J
J
J
J
J
J
J
Jv
JV
Jw
JW
Jx
JX
Jy
JY
J
J
J
J
Jz
JZ
J
J
k
K
K'
K-
K
K
K 
K
K!
K"
K#
K$
K%
K&
K(
K)
K*
K,
K.
K/
K:
K;
K?
K@
K[
K\
K]
K^
K_
K`
K{
K|
K}
K~
K
K
K
K
K
K
K
K
K
K
K
K
K
K
K
K
K
K
K
K
K
K+
K<
K=
K>
K
K
K
K
K
K
K
K
K
K
K
K
K
K
K
K
K
K
K
K
K
K
K
K0
K
K
K
K1
K
K2
K
K3
K
K4
K5
K6
K7
K8
K9
Ka
KA
K
K
K
K
K
K
K
K
K
K
K
K
K
K
K
Kb
KB
Kc
KC
K
K
Kd
KD
K
K
Ke
KE
K
K
K
K
K
K
K
K
Kf
KF
K
Kg
KG
Kh
KH
Ki
KI
K
K
K
K
K
K
K
K
Kj
KJ
Kk
KK
Kl
KL
Km
KM
Kn
KN
K
K
Ko
KO
K
K
K
K
K
K
K
K
K
K
K
K
K
K
K
Kp
KP
Kq
KQ
Kr
KR
Ks
KS
K
K
K
Kt
KT
K
K
K
Ku
KU
K
K
K
K
K
K
K
K
Kv
KV
Kw
KW
Kx
KX
Ky
KY
K
K
K
K
Kz
KZ
K
K
l
L
L'
L-
L
L
L 
L
L!
L"
L#
L$
L%
L&
L(
L)
L*
L,
L.
L/
L:
L;
L?
L@
L[
L\
L]
L^
L_
L`
L{
L|
L}
L~
L
L
L
L
L
L
L
L
L
L
L
L
L
L
L
L
L
L
L
L
L
L+
L<
L=
L>
L
L
L
L
L
L
L
L
L
L
L
L
L
L
L
L
L
L
L
L
L
L
L
L0
L
L
L
L1
L
L2
L
L3
L
L4
L5
L6
L7
L8
L9
La
LA
L
L
L
L
L
L
L
L
L
L
L
L
L
L
L
Lb
LB
Lc
LC
L
L
Ld
LD
L
L
Le
LE
L
L
L
L
L
L
L
L
Lf
LF
L
Lg
LG
Lh
LH
Li
LI
L
L
L
L
L
L
L
L
Lj
LJ
Lk
LK
Ll
LL
Lm
LM
Ln
LN
L
L
Lo
LO
L
L
L
L
L
L
L
L
L
L
L
L
L
L
L
Lp
LP
Lq
LQ
Lr
LR
Ls
LS
L
L
L
Lt
LT
L
L
L
Lu
LU
L
L
L
L
L
L
L
L
Lv
LV
Lw
LW
Lx
LX
Ly
LY
L
L
L
L
Lz
LZ
L
L
m
M
M'
M-
M
M
M 
M
M!
M"
M#
M$
M%
M&
M(
M)
M*
M,
M.
M/
M:
M;
M?
M@
M[
M\
M]
M^
M_
M`
M{
M|
M}
M~
M
M
M
M
M
M
M
M
M
M
M
M
M
M
M
M
M
M
M
M
M
M+
M<
M=
M>
M
M
M
M
M
M
M
M
M
M
M
M
M
M
M
M
M
M
M
M
M
M
M
M0
M
M
M
M1
M
M2
M
M3
M
M4
M5
M6
M7
M8
M9
Ma
MA
M
M
M
M
M
M
M
M
M
M
M
M
M
M
M
Mb
MB
Mc
MC
M
M
Md
MD
M
M
Me
ME
M
M
M
M
M
M
M
M
Mf
MF
M
Mg
MG
Mh
MH
Mi
MI
M
M
M
M
M
M
M
M
Mj
MJ
Mk
MK
Ml
ML
Mm
MM
Mn
MN
M
M
Mo
MO
M
M
M
M
M
M
M
M
M
M
M
M
M
M
M
Mp
MP
Mq
MQ
Mr
MR
Ms
MS
M
M
M
Mt
MT
M
M
M
Mu
MU
M
M
M
M
M
M
M
M
Mv
MV
Mw
MW
Mx
MX
My
MY
M
M
M
M
Mz
MZ
M
M
n
N
N'
N-
N
N


N 
N
N!
N"
N#
N$
N%
N&
N(
N)
N*
N,
N.
N/
N:
N;
N?
N@
N[
N\
N]
N^
N_
N`
N{
N|
N}
N~
N
N
N
N
N
N
N
N
N
N
N
N
N
N
N
N
N
N
N
N
N
N+
N<
N=
N>
N
N
N
N
N
N
N
N
N
N
N
N
N
N
N
N
N
N
N
N
N
N
N
N0
N
N
N
N1
N
N2
N
N3
N
N4
N5
N6
N7
N8
N9
Na
NA
N
N
N
N
N
N
N
N
N
N
N
N
N
N
N
Nb
NB
Nc
NC
N
N
Nd
ND
N
N
Ne
NE
N
N
N
N
N
N
N
N
Nf
NF
N
Ng
NG
Nh
NH
Ni
NI
N
N
N
N
N
N
N
N
Nj
NJ
Nk
NK
Nl
NL
Nm
NM
Nn
NN
N
N
No
NO
N
N
N
N
N
N
N
N
N
N
N
N
N
N
N
Np
NP
Nq
NQ
Nr
NR
Ns
NS
N
N
N
Nt
NT
N
N
N
Nu
NU
N
N
N
N
N
N
N
N
Nv
NV
Nw
NW
Nx
NX
Ny
NY
N
N
N
N
Nz
NZ
N
N
o
O
O'
O-
O
O













O 
O
O!
O"
O#
O$
O%
O&
O(
O)
O*
O,
O.
O/
O:
O;
O?
O@
O[
O\
O]
O^
O_
O`
O{
O|
O}
O~
O
O
O
O
O
O
O
O
O
O
O
O
O
O
O
O
O
O
O
O
O
O+
O<
O=
O>
O
O
O
O
O
O
O
O
O
O
O
O
O
O
O
O
O
O
O
O
O
O
O
O0
O
O
O
O1
O
O2
O
O3
O
O4
O5
O6
O7
O8
O9
Oa
OA
O
O
O
O
O
O
O
O
O
O
O
O
O
O
O
Ob
OB
Oc
OC
O
O
Od
OD
O
O

Oe

O
O
O
O
O
O
O
O
Of
OF
O
Og
OG
Oh
OH
Oi
OI
O
O
O
O
O
O
O
O
Oj
OJ
Ok
OK
Ol
OL
Om
OM
On
ON
O
O
Oo
OO
O
O
O
O
O
O
O
O
O
O
O
O
O
O
O
Op
OP
Oq
OQ
Or
OR
Os
OS
O
O
O
Ot
OT
O
O
O
Ou
OU
O
O
O
O
O
O
O
O
Ov
OV
Ow
OW
Ox
OX
Oy
OY
O
O
O
O
Oz
OZ
O
O
p
P
P'
P-
P
P
P 
P
P!
P"
P#
P$
P%
P&
P(
P)
P*
P,
P.
P/
P:
P;
P?
P@
P[
P\
P]
P^
P_
P`
P{
P|
P}
P~
P
P
P
P
P
P
P
P
P
P
P
P
P
P
P
P
P
P
P
P
P
P+
P<
P=
P>
P
P
P
P
P
P
P
P
P
P
P
P
P
P
P
P
P
P
P
P
P
P
P
P0
P
P
P
P1
P
P2
P
P3
P
P4
P5
P6
P7
P8
P9
Pa
PA
P
P
P
P
P
P
P
P
P
P
P
P
P
P
P
Pb
PB
Pc
PC
P
P
Pd
PD
P
P
Pe
PE
P
P
P
P
P
P
P
P
Pf
PF
P
Pg
PG
Ph
PH
Pi
PI
P
P
P
P
P
P
P
P
Pj
PJ
Pk
PK
Pl
PL
Pm
PM
Pn
PN
P
P
Po
PO
P
P
P
P
P
P
P
P
P
P
P
P
P
P
P
Pp
PP
Pq
PQ
Pr
PR
Ps
PS
P
P
P
Pt
PT
P
P
P
Pu
PU
P
P
P
P
P
P
P
P
Pv
PV
Pw
PW
Px
PX
Py
PY
P
P
P
P
Pz
PZ
P
P
q
Q
Q'
Q-
Q
Q
Q 
Q
Q!
Q"
Q#
Q$
Q%
Q&
Q(
Q)
Q*
Q,
Q.
Q/
Q:
Q;
Q?
Q@
Q[
Q\
Q]
Q^
Q_
Q`
Q{
Q|
Q}
Q~
Q
Q
Q
Q
Q
Q
Q
Q
Q
Q
Q
Q
Q
Q
Q
Q
Q
Q
Q
Q
Q
Q+
Q<
Q=
Q>
Q
Q
Q
Q
Q
Q
Q
Q
Q
Q
Q
Q
Q
Q
Q
Q
Q
Q
Q
Q
Q
Q
Q
Q0
Q
Q
Q
Q1
Q
Q2
Q
Q3
Q
Q4
Q5
Q6
Q7
Q8
Q9
Qa
QA
Q
Q
Q
Q
Q
Q
Q
Q
Q
Q
Q
Q
Q
Q
Q
Qb
QB
Qc
QC
Q
Q
Qd
QD
Q
Q
Qe
QE
Q
Q
Q
Q
Q
Q
Q
Q
Qf
QF
Q
Qg
QG
Qh
QH
Qi
QI
Q
Q
Q
Q
Q
Q
Q
Q
Qj
QJ
Qk
QK
Ql
QL
Qm
QM
Qn
QN
Q
Q
Qo
QO
Q
Q
Q
Q
Q
Q
Q
Q
Q
Q
Q
Q
Q
Q
Q
Qp
QP
Qq
QQ
Qr
QR
Qs
QS
Q
Q
Q
Qt
QT
Q
Q
Q
Qu
QU
Q
Q
Q
Q
Q
Q
Q
Q
Qv
QV
Qw
QW
Qx
QX
Qy
QY
Q
Q
Q
Q
Qz
QZ
Q
Q
r
R
R'
R-
R
R
R 
R
R!
R"
R#
R$
R%
R&
R(
R)
R*
R,
R.
R/
R:
R;
R?
R@
R[
R\
R]
R^
R_
R`
R{
R|
R}
R~
R
R
R
R
R
R
R
R
R
R
R
R
R
R
R
R
R
R
R
R
R
R+
R<
R=
R>
R
R
R
R
R
R
R
R
R
R
R
R
R
R
R
R
R
R
R
R
R
R
R
R0
R
R
R
R1
R
R2
R
R3
R
R4
R5
R6
R7
R8
R9
Ra
RA
R
R
R
R
R
R
R
R
R
R
R
R
R
R
R
Rb
RB
Rc
RC
R
R
Rd
RD
R
R
Re
RE
R
R
R
R
R
R
R
R
Rf
RF
R
Rg
RG
Rh
RH
Ri
RI
R
R
R
R
R
R
R
R
Rj
RJ
Rk
RK
Rl
RL
Rm
RM
Rn
RN
R
R
Ro
RO
R
R
R
R
R
R
R
R
R
R
R
R
R
R
R
Rp
RP
Rq
RQ
Rr
RR
Rs
RS
R
R
R
Rt
RT
R
R
R
Ru
RU
R
R
R
R
R
R
R
R
Rv
RV
Rw
RW
Rx
RX
Ry
RY
R
R
R
R
Rz
RZ
R
R
s
S
S'
S-
S
S


S 
S
S!
S"
S#
S$
S%
S&
S(
S)
S*
S,
S.
S/
S:
S;
S?
S@
S[
S\
S]
S^
S_
S`
S{
S|
S}
S~
S
S
S
S
S
S
S
S
S
S
S
S
S
S
S
S
S
S
S
S
S
S+
S<
S=
S>
S
S
S
S
S
S
S
S
S
S
S
S
S
S
S
S
S
S
S
S
S
S
S
S0
S
S
S
S1
S
S2
S
S3
S
S4
S5
S6
S7
S8
S9
Sa
SA
S
S
S
S
S
S
S
S
S
S
S
S
S
S
S
Sb
SB
Sc
SC
S
S
Sd
SD
S
S
Se
SE
S
S
S
S
S
S
S
S
Sf
SF
S
Sg
SG
Sh
SH
Si
SI
S
S
S
S
S
S
S
S
Sj
SJ
Sk
SK
Sl
SL
Sm
SM
Sn
SN
S
S
So
SO
S
S
S
S
S
S
S
S
S
S
S
S
S
S
S
Sp
SP
Sq
SQ
Sr
SR

Ss
SS
S
S
S
St
ST
S
S
S
Su
SU
S
S
S
S
S
S
S
S
Sv
SV
Sw
SW
Sx
SX
Sy
SY
S
S
S
S
Sz
SZ
S
S
t
T
T'
T-
T
T
T 
T
T!
T"
T#
T$
T%
T&
T(
T)
T*
T,
T.
T/
T:
T;
T?
T@
T[
T\
T]
T^
T_
T`
T{
T|
T}
T~
T
T
T
T
T
T
T
T
T
T
T
T
T
T
T
T
T
T
T
T
T
T+
T<
T=
T>
T
T
T
T
T
T
T
T
T
T
T
T
T
T
T
T
T
T
T
T
T
T
T
T0
T
T
T
T1
T
T2
T
T3
T
T4
T5
T6
T7
T8
T9
Ta
TA
T
T
T
T
T
T
T
T
T
T
T
T
T
T
T
Tb
TB
Tc
TC
T
T
Td
TD
T
T
Te
TE
T
T
T
T
T
T
T
T
Tf
TF
T
Tg
TG

Th

Ti
TI
T
T
T
T
T
T
T
T
Tj
TJ
Tk
TK
Tl
TL
Tm
TM
Tn
TN
T
T
To
TO
T
T
T
T
T
T
T
T
T
T
T
T
T
T
T
Tp
TP
Tq
TQ
Tr
TR
Ts
TS
T
T
T
Tt
TT
T
T
T
Tu
TU
T
T
T
T
T
T
T
T
Tv
TV
Tw
TW
Tx
TX
Ty
TY
T
T
T
T
Tz
TZ
T
T

u
U
U'
U-
U
U








U 
U
U!
U"
U#
U$
U%
U&
U(
U)
U*
U,
U.
U/
U:
U;
U?
U@
U[
U\
U]
U^
U_
U`
U{
U|
U}
U~
U
U
U
U
U
U
U
U
U
U
U
U
U
U
U
U
U
U
U
U
U
U+
U<
U=
U>
U
U
U
U
U
U
U
U
U
U
U
U
U
U
U
U
U
U
U
U
U
U
U
U0
U
U
U
U1
U
U2
U
U3
U
U4
U5
U6
U7
U8
U9
Ua
UA
U
U
U
U
U
U
U
U
U
U
U
U
U
U
U
Ub
UB
Uc
UC
U
U
Ud
UD
U
U
Ue
UE
U
U
U
U
U
U
U
U
Uf
UF
U
Ug
UG
Uh
UH
Ui
UI
U
U
U
U
U
U
U
U
Uj
UJ
Uk
UK
Ul
UL
Um
UM
Un
UN
U
U
Uo
UO
U
U
U
U
U
U
U
U
U
U
U
U
U
U
U
Up
UP
Uq
UQ
Ur
UR
Us
US
U
U
U
Ut
UT
U
U
U
Uu
UU
U
U
U
U
U
U
U
U
Uv
UV
Uw
UW
Ux
UX
Uy
UY
U
U
U
U
Uz
UZ
U
U
v
V
V'
V-
V
V
V 
V
V!
V"
V#
V$
V%
V&
V(
V)
V*
V,
V.
V/
V:
V;
V?
V@
V[
V\
V]
V^
V_
V`
V{
V|
V}
V~
V
V
V
V
V
V
V
V
V
V
V
V
V
V
V
V
V
V
V
V
V
V+
V<
V=
V>
V
V
V
V
V
V
V
V
V
V
V
V
V
V
V
V
V
V
V
V
V
V
V
V0
V
V
V
V1
V
V2
V
V3
V
V4
V5
V6
V7
V8
V9
Va
VA
V
V
V
V
V
V
V
V
V
V
V
V
V
V
V
Vb
VB
Vc
VC
V
V
Vd
VD
V
V
Ve
VE
V
V
V
V
V
V
V
V
Vf
VF
V
Vg
VG
Vh
VH
Vi
VI
V
V
V
V
V
V
V
V
Vj
VJ
Vk
VK
Vl
VL
Vm
VM
Vn
VN
V
V
Vo
VO
V
V
V
V
V
V
V
V
V
V
V
V
V
V
V
Vp
VP
Vq
VQ
Vr
VR
Vs
VS
V
V
V
Vt
VT
V
V
V
Vu
VU
V
V
V
V
V
V
V
V
Vv
VV
Vw
VW
Vx
VX
Vy
VY
V
V
V
V
Vz
VZ
V
V
w
W
W'
W-
W
W
W 
W
W!
W"
W#
W$
W%
W&
W(
W)
W*
W,
W.
W/
W:
W;
W?
W@
W[
W\
W]
W^
W_
W`
W{
W|
W}
W~
W
W
W
W
W
W
W
W
W
W
W
W
W
W
W
W
W
W
W
W
W
W+
W<
W=
W>
W
W
W
W
W
W
W
W
W
W
W
W
W
W
W
W
W
W
W
W
W
W
W
W0
W
W
W
W1
W
W2
W
W3
W
W4
W5
W6
W7
W8
W9
Wa
WA
W
W
W
W
W
W
W
W
W
W
W
W
W
W
W
Wb
WB
Wc
WC
W
W
Wd
WD
W
W
We
WE
W
W
W
W
W
W
W
W
Wf
WF
W
Wg
WG
Wh
WH
Wi
WI
W
W
W
W
W
W
W
W
Wj
WJ
Wk
WK
Wl
WL
Wm
WM
Wn
WN
W
W
Wo
WO
W
W
W
W
W
W
W
W
W
W
W
W
W
W
W
Wp
WP
Wq
WQ
Wr
WR
Ws
WS
W
W
W
Wt
WT
W
W
W
Wu
WU
W
W
W
W
W
W
W
W
Wv
WV
Ww
WW
Wx
WX
Wy
WY
W
W
W
W
Wz
WZ
W
W
x
X
X'
X-
X
X
X 
X
X!
X"
X#
X$
X%
X&
X(
X)
X*
X,
X.
X/
X:
X;
X?
X@
X[
X\
X]
X^
X_
X`
X{
X|
X}
X~
X
X
X
X
X
X
X
X
X
X
X
X
X
X
X
X
X
X
X
X
X
X+
X<
X=
X>
X
X
X
X
X
X
X
X
X
X
X
X
X
X
X
X
X
X
X
X
X
X
X
X0
X
X
X
X1
X
X2
X
X3
X
X4
X5
X6
X7
X8
X9
Xa
XA
X
X
X
X
X
X
X
X
X
X
X
X
X
X
X
Xb
XB
Xc
XC
X
X
Xd
XD
X
X
Xe
XE
X
X
X
X
X
X
X
X
Xf
XF
X
Xg
XG
Xh
XH
Xi
XI
X
X
X
X
X
X
X
X
Xj
XJ
Xk
XK
Xl
XL
Xm
XM
Xn
XN
X
X
Xo
XO
X
X
X
X
X
X
X
X
X
X
X
X
X
X
X
Xp
XP
Xq
XQ
Xr
XR
Xs
XS
X
X
X
Xt
XT
X
X
X
Xu
XU
X
X
X
X
X
X
X
X
Xv
XV
Xw
XW
Xx
XX
Xy
XY
X
X
X
X
Xz
XZ
X
X
y
Y
Y'
Y-
Y
Y




Y 
Y
Y!
Y"
Y#
Y$
Y%
Y&
Y(
Y)
Y*
Y,
Y.
Y/
Y:
Y;
Y?
Y@
Y[
Y\
Y]
Y^
Y_
Y`
Y{
Y|
Y}
Y~
Y
Y
Y
Y
Y
Y
Y
Y
Y
Y
Y
Y
Y
Y
Y
Y
Y
Y
Y
Y
Y
Y+
Y<
Y=
Y>
Y
Y
Y
Y
Y
Y
Y
Y
Y
Y
Y
Y
Y
Y
Y
Y
Y
Y
Y
Y
Y
Y
Y
Y0
Y
Y
Y
Y1
Y
Y2
Y
Y3
Y
Y4
Y5
Y6
Y7
Y8
Y9
Ya
YA
Y
Y
Y
Y
Y
Y
Y
Y
Y
Y
Y
Y
Y
Y
Y
Yb
YB
Yc
YC
Y
Y
Yd
YD
Y
Y
Ye
YE
Y
Y
Y
Y
Y
Y
Y
Y
Yf
YF
Y
Yg
YG
Yh
YH
Yi
YI
Y
Y
Y
Y
Y
Y
Y
Y
Yj
YJ
Yk
YK
Yl
YL
Ym
YM
Yn
YN
Y
Y
Yo
YO
Y
Y
Y
Y
Y
Y
Y
Y
Y
Y
Y
Y
Y
Y
Y
Yp
YP
Yq
YQ
Yr
YR
Ys
YS
Y
Y
Y
Yt
YT
Y
Y
Y
Yu
YU
Y
Y
Y
Y
Y
Y
Y
Y
Yv
YV
Yw
YW
Yx
YX
Yy
YY
Y
Y
Y
Y
Yz
YZ
Y
Y
z
Z
Z'
Z-
Z
Z


Z 
Z
Z!
Z"
Z#
Z$
Z%
Z&
Z(
Z)
Z*
Z,
Z.
Z/
Z:
Z;
Z?
Z@
Z[
Z\
Z]
Z^
Z_
Z`
Z{
Z|
Z}
Z~
Z
Z
Z
Z
Z
Z
Z
Z
Z
Z
Z
Z
Z
Z
Z
Z
Z
Z
Z
Z
Z
Z+
Z<
Z=
Z>
Z
Z
Z
Z
Z
Z
Z
Z
Z
Z
Z
Z
Z
Z
Z
Z
Z
Z
Z
Z
Z
Z
Z
Z0
Z
Z
Z
Z1
Z
Z2
Z
Z3
Z
Z4
Z5
Z6
Z7
Z8
Z9
Za
ZA
Z
Z
Z
Z
Z
Z
Z
Z
Z
Z
Z
Z
Z
Z
Z
Zb
ZB
Zc
ZC
Z
Z
Zd
ZD
Z
Z
Ze
ZE
Z
Z
Z
Z
Z
Z
Z
Z
Zf
ZF
Z
Zg
ZG
Zh
ZH
Zi
ZI
Z
Z
Z
Z
Z
Z
Z
Z
Zj
ZJ
Zk
ZK
Zl
ZL
Zm
ZM
Zn
ZN
Z
Z
Zo
ZO
Z
Z
Z
Z
Z
Z
Z
Z
Z
Z
Z
Z
Z
Z
Z
Zp
ZP
Zq
ZQ
Zr
ZR
Zs
ZS
Z
Z
Z
Zt
ZT
Z
Z
Z
Zu
ZU
Z
Z
Z
Z
Z
Z
Z
Z
Zv
ZV
Zw
ZW
Zx
ZX
Zy
ZY
Z
Z
Z
Z
Zz
ZZ
Z
Z
